  xmlparse.c
xmlparse.c(1502): warning C4244: 'initializing': conversion from '__int64' to 'int', possible loss of data
xmlparse.c(1504): warning C4244: 'initializing': conversion from '__int64' to 'int', possible loss of data
xmlparse.c(1513): warning C4244: 'initializing': conversion from '__int64' to 'int', possible loss of data
xmlparse.c(1526): warning C4244: 'initializing': conversion from '__int64' to 'int', possible loss of data
xmlparse.c(1540): warning C4244: 'initializing': conversion from '__int64' to 'int', possible loss of data
xmlparse.c(1576): warning C4244: 'return': conversion from '__int64' to 'long', possible loss of data
xmlparse.c(1584): warning C4244: 'return': conversion from '__int64' to 'int', possible loss of data
xmlparse.c(1593): warning C4244: '=': conversion from '__int64' to 'int', possible loss of data
xmlparse.c(1594): warning C4244: '=': conversion from '__int64' to 'int', possible loss of data
xmlparse.c(2125): warning C4244: '=': conversion from '__int64' to 'int', possible loss of data
xmlparse.c(2130): warning C4244: '=': conversion from '__int64' to 'int', possible loss of data
xmlparse.c(2316): warning C4244: 'function': conversion from '__int64' to 'int', possible loss of data
xmlparse.c(2321): warning C4244: 'function': conversion from '__int64' to 'int', possible loss of data
xmlparse.c(2342): warning C4244: 'function': conversion from '__int64' to 'int', possible loss of data
xmlparse.c(2351): warning C4244: 'function': conversion from '__int64' to 'int', possible loss of data
xmlparse.c(2851): warning C4244: 'function': conversion from '__int64' to 'int', possible loss of data
xmlparse.c(2860): warning C4244: 'function': conversion from '__int64' to 'int', possible loss of data
xmlparse.c(3676): warning C4244: '=': conversion from '__int64' to 'int', possible loss of data
xmlparse.c(4760): warning C4244: 'function': conversion from '__int64' to 'int', possible loss of data
xmlparse.c(4765): warning C4244: 'function': conversion from '__int64' to 'int', possible loss of data
xmlparse.c(5651): warning C4244: 'initializing': conversion from '__int64' to 'int', possible loss of data
xmlparse.c(5665): warning C4244: 'initializing': conversion from '__int64' to 'int', possible loss of data
  xmlrole.c
  xmltok.c
e:\unreal projects\1\xplatformserver\src\deps\apr-util\xml\expat\lib\xmltok_impl.c(1717): warning C4244: 'return': conversion from '__int64' to 'int', possible loss of data
e:\unreal projects\1\xplatformserver\src\deps\apr-util\xml\expat\lib\xmltok_impl.c(1717): warning C4244: 'return': conversion from '__int64' to 'int', possible loss of data
e:\unreal projects\1\xplatformserver\src\deps\apr-util\xml\expat\lib\xmltok_impl.c(1717): warning C4244: 'return': conversion from '__int64' to 'int', possible loss of data
  Generating Code...
  xml.vcxproj -> E:\Unreal Projects\1\XPlatformServer\src\deps\apr-util\xml\expat\lib\.\x64\LibD\xml.lib
